#
# There is insufficient memory for the Java Runtime Environment to continue.
# Native memory allocation (malloc) failed to allocate 1688208 bytes. Error detail: Chunk::new
# Possible reasons:
#   The system is out of physical RAM or swap space
#   This process is running with CompressedOops enabled, and the Java Heap may be blocking the growth of the native heap
# Possible solutions:
#   Reduce memory load on the system
#   Increase physical memory or swap space
#   Check if swap backing store is full
#   Decrease Java heap size (-Xmx/-Xms)
#   Decrease number of Java threads
#   Decrease Java thread stack sizes (-Xss)
#   Set larger code cache with -XX:ReservedCodeCacheSize=
#   JVM is running with Unscaled Compressed Oops mode in which the Java heap is
#     placed in the first 4GB address space. The Java Heap base address is the
#     maximum limit for the native heap growth. Please use -XX:HeapBaseMinAddress
#     to set the Java Heap base and to place the Java Heap above 4GB virtual address.
# This output file may be truncated or incomplete.
#
#  Out of Memory Error (arena.cpp:168), pid=11808, tid=19260
#
# JRE version: OpenJDK Runtime Environment (21.0.4) (build 21.0.4+-12508038-b607.1)
# Java VM: OpenJDK 64-Bit Server VM (21.0.4+-12508038-b607.1, mixed mode, tiered, compressed oops, compressed class ptrs, g1 gc, windows-amd64)
# No core dump will be written. Minidumps are not enabled by default on client versions of Windows
#

---------------  S U M M A R Y ------------

Command Line: --add-opens=java.base/java.util=ALL-UNNAMED --add-opens=java.base/java.lang=ALL-UNNAMED --add-opens=java.base/java.lang.invoke=ALL-UNNAMED --add-opens=java.prefs/java.util.prefs=ALL-UNNAMED --add-exports=jdk.compiler/com.sun.tools.javac.api=ALL-UNNAMED --add-exports=jdk.compiler/com.sun.tools.javac.util=ALL-UNNAMED --add-opens=java.base/java.nio.charset=ALL-UNNAMED --add-opens=java.base/java.net=ALL-UNNAMED --add-opens=java.base/java.util.concurrent.atomic=ALL-UNNAMED -Xmx2048m -Dfile.encoding=UTF-8 -Duser.country=IN -Duser.language=en -Duser.variant -javaagent:C:\Users\vineg\.gradle\wrapper\dists\gradle-8.10.2-bin\a04bxjujx95o3nb99gddekhwo\gradle-8.10.2\lib\agents\gradle-instrumentation-agent-8.10.2.jar org.gradle.launcher.daemon.bootstrap.GradleDaemon 8.10.2

Host: AMD Ryzen 9 5900HS with Radeon Graphics        , 16 cores, 15G,  Windows 11 , 64 bit Build 26100 (10.0.26100.2454)
Time: Mon Feb 10 15:01:25 2025 India Standard Time elapsed time: 6.328185 seconds (0d 0h 0m 6s)

---------------  T H R E A D  ---------------

Current thread (0x000002c8ff638670):  JavaThread "C2 CompilerThread0" daemon [_thread_in_native, id=19260, stack(0x000000d9c5100000,0x000000d9c5200000) (1024K)]


Current CompileTask:
C2:   6328 2834   !   4       java.lang.ClassLoader::loadClass (121 bytes)

Stack: [0x000000d9c5100000,0x000000d9c5200000]
Native frames: (J=compiled Java code, j=interpreted, Vv=VM code, C=native code)
V  [jvm.dll+0x6ce539]
V  [jvm.dll+0x85bf03]
V  [jvm.dll+0x85e45e]
V  [jvm.dll+0x85eb43]
V  [jvm.dll+0x27dd06]
V  [jvm.dll+0xbf9cd]
V  [jvm.dll+0xbff03]
V  [jvm.dll+0x3b4deb]
V  [jvm.dll+0x380f07]
V  [jvm.dll+0x38037a]
V  [jvm.dll+0x2473f2]
V  [jvm.dll+0x2469c1]
V  [jvm.dll+0x1c58a4]
V  [jvm.dll+0x255fec]
V  [jvm.dll+0x254536]
V  [jvm.dll+0x3efab6]
V  [jvm.dll+0x804418]
V  [jvm.dll+0x6cce0d]
C  [ucrtbase.dll+0x14ea0]
C  [KERNEL32.DLL+0x2e8d7]
C  [ntdll.dll+0xdfbcc]


---------------  P R O C E S S  ---------------

Threads class SMR info:
_java_thread_list=0x000002c893bbd010, length=28, elements={
0x000002c8f634df70, 0x000002c8ff609940, 0x000002c8ff656740, 0x000002c8ff659a60,
0x000002c8ff65a0d0, 0x000002c8ff634e70, 0x000002c8ff6378e0, 0x000002c8ff638670,
0x000002c8ff63b8d0, 0x000002c8ff6acce0, 0x000002c8ff8e2dd0, 0x000002c8930b57d0,
0x000002c894e32c50, 0x000002c894a97360, 0x000002c894030800, 0x000002c894e2ef10,
0x000002c894e2fc30, 0x000002c894e30fe0, 0x000002c894e31d00, 0x000002c894e2e880,
0x000002c894e2f5a0, 0x000002c894e30950, 0x000002c894b216f0, 0x000002c894b21d80,
0x000002c894b237c0, 0x000002c894b23e50, 0x000002c894b24b70, 0x000002c894b22410
}

Java Threads: ( => current thread )
  0x000002c8f634df70 JavaThread "main"                              [_thread_blocked, id=27752, stack(0x000000d9c4300000,0x000000d9c4400000) (1024K)]
  0x000002c8ff609940 JavaThread "Reference Handler"          daemon [_thread_blocked, id=6304, stack(0x000000d9c4b00000,0x000000d9c4c00000) (1024K)]
  0x000002c8ff656740 JavaThread "Finalizer"                  daemon [_thread_blocked, id=30012, stack(0x000000d9c4c00000,0x000000d9c4d00000) (1024K)]
  0x000002c8ff659a60 JavaThread "Signal Dispatcher"          daemon [_thread_blocked, id=28800, stack(0x000000d9c4d00000,0x000000d9c4e00000) (1024K)]
  0x000002c8ff65a0d0 JavaThread "Attach Listener"            daemon [_thread_blocked, id=29380, stack(0x000000d9c4e00000,0x000000d9c4f00000) (1024K)]
  0x000002c8ff634e70 JavaThread "Service Thread"             daemon [_thread_blocked, id=30436, stack(0x000000d9c4f00000,0x000000d9c5000000) (1024K)]
  0x000002c8ff6378e0 JavaThread "Monitor Deflation Thread"   daemon [_thread_blocked, id=31176, stack(0x000000d9c5000000,0x000000d9c5100000) (1024K)]
=>0x000002c8ff638670 JavaThread "C2 CompilerThread0"         daemon [_thread_in_native, id=19260, stack(0x000000d9c5100000,0x000000d9c5200000) (1024K)]
  0x000002c8ff63b8d0 JavaThread "C1 CompilerThread0"         daemon [_thread_blocked, id=4488, stack(0x000000d9c5200000,0x000000d9c5300000) (1024K)]
  0x000002c8ff6acce0 JavaThread "Common-Cleaner"             daemon [_thread_blocked, id=31512, stack(0x000000d9c5300000,0x000000d9c5400000) (1024K)]
  0x000002c8ff8e2dd0 JavaThread "Notification Thread"        daemon [_thread_blocked, id=10028, stack(0x000000d9c5500000,0x000000d9c5600000) (1024K)]
  0x000002c8930b57d0 JavaThread "C2 CompilerThread1"         daemon [_thread_in_native, id=19780, stack(0x000000d9c5600000,0x000000d9c5700000) (1024K)]
  0x000002c894e32c50 JavaThread "C1 CompilerThread1"         daemon [_thread_blocked, id=33816, stack(0x000000d9c5400000,0x000000d9c5500000) (1024K)]
  0x000002c894a97360 JavaThread "C1 CompilerThread2"         daemon [_thread_blocked, id=32604, stack(0x000000d9c5700000,0x000000d9c5800000) (1024K)]
  0x000002c894030800 JavaThread "C1 CompilerThread3"         daemon [_thread_blocked, id=4164, stack(0x000000d9c5800000,0x000000d9c5900000) (1024K)]
  0x000002c894e2ef10 JavaThread "Daemon health stats"               [_thread_blocked, id=14800, stack(0x000000d9c5d00000,0x000000d9c5e00000) (1024K)]
  0x000002c894e2fc30 JavaThread "Incoming local TCP Connector on port 52072"        [_thread_in_native, id=22908, stack(0x000000d9c6200000,0x000000d9c6300000) (1024K)]
  0x000002c894e30fe0 JavaThread "Daemon periodic checks"            [_thread_blocked, id=7972, stack(0x000000d9c6400000,0x000000d9c6500000) (1024K)]
  0x000002c894e31d00 JavaThread "Daemon"                            [_thread_blocked, id=3800, stack(0x000000d9c6500000,0x000000d9c6600000) (1024K)]
  0x000002c894e2e880 JavaThread "Handler for socket connection from /127.0.0.1:52072 to /127.0.0.1:52073"        [_thread_in_native, id=29408, stack(0x000000d9c6600000,0x000000d9c6700000) (1024K)]
  0x000002c894e2f5a0 JavaThread "Cancel handler"                    [_thread_blocked, id=27888, stack(0x000000d9c6700000,0x000000d9c6800000) (1024K)]
  0x000002c894e30950 JavaThread "Daemon worker"                     [_thread_in_vm, id=9268, stack(0x000000d9c6800000,0x000000d9c6900000) (1024K)]
  0x000002c894b216f0 JavaThread "Asynchronous log dispatcher for DefaultDaemonConnection: socket connection from /127.0.0.1:52072 to /127.0.0.1:52073"        [_thread_blocked, id=12696, stack(0x000000d9c6900000,0x000000d9c6a00000) (1024K)]
  0x000002c894b21d80 JavaThread "Stdin handler"                     [_thread_blocked, id=33924, stack(0x000000d9c6a00000,0x000000d9c6b00000) (1024K)]
  0x000002c894b237c0 JavaThread "Daemon client event forwarder"        [_thread_blocked, id=15684, stack(0x000000d9c6b00000,0x000000d9c6c00000) (1024K)]
  0x000002c894b23e50 JavaThread "Cache worker for journal cache (C:\Users\vineg\.gradle\caches\journal-1)"        [_thread_blocked, id=29240, stack(0x000000d9c7200000,0x000000d9c7300000) (1024K)]
  0x000002c894b24b70 JavaThread "File lock request listener"        [_thread_in_native, id=2092, stack(0x000000d9c7300000,0x000000d9c7400000) (1024K)]
  0x000002c894b22410 JavaThread "Cache worker for file hash cache (C:\Users\vineg\.gradle\caches\8.10.2\fileHashes)"        [_thread_blocked, id=32200, stack(0x000000d9c7400000,0x000000d9c7500000) (1024K)]
Total: 28

Other Threads:
  0x000002c8ff5e2290 VMThread "VM Thread"                           [id=16744, stack(0x000000d9c4a00000,0x000000d9c4b00000) (1024K)]
  0x000002c8ff570490 WatcherThread "VM Periodic Task Thread"        [id=31200, stack(0x000000d9c4900000,0x000000d9c4a00000) (1024K)]
  0x000002c8f40de060 WorkerThread "GC Thread#0"                     [id=30808, stack(0x000000d9c4400000,0x000000d9c4500000) (1024K)]
  0x000002c8931c5940 WorkerThread "GC Thread#1"                     [id=1444, stack(0x000000d9c5900000,0x000000d9c5a00000) (1024K)]
  0x000002c8931ca7a0 WorkerThread "GC Thread#2"                     [id=30048, stack(0x000000d9c5a00000,0x000000d9c5b00000) (1024K)]
  0x000002c8931cab40 WorkerThread "GC Thread#3"                     [id=32356, stack(0x000000d9c5b00000,0x000000d9c5c00000) (1024K)]
  0x000002c893790030 WorkerThread "GC Thread#4"                     [id=30472, stack(0x000000d9c5c00000,0x000000d9c5d00000) (1024K)]
  0x000002c894def380 WorkerThread "GC Thread#5"                     [id=1972, stack(0x000000d9c5e00000,0x000000d9c5f00000) (1024K)]
  0x000002c894d9c380 WorkerThread "GC Thread#6"                     [id=2592, stack(0x000000d9c5f00000,0x000000d9c6000000) (1024K)]
  0x000002c894ff4e00 WorkerThread "GC Thread#7"                     [id=20888, stack(0x000000d9c6000000,0x000000d9c6100000) (1024K)]
  0x000002c894ff61c0 WorkerThread "GC Thread#8"                     [id=33348, stack(0x000000d9c6100000,0x000000d9c6200000) (1024K)]
  0x000002c894d87600 WorkerThread "GC Thread#9"                     [id=12496, stack(0x000000d9c6c00000,0x000000d9c6d00000) (1024K)]
  0x000002c894d879a0 WorkerThread "GC Thread#10"                    [id=25268, stack(0x000000d9c6d00000,0x000000d9c6e00000) (1024K)]
  0x000002c894d87d40 WorkerThread "GC Thread#11"                    [id=30348, stack(0x000000d9c6e00000,0x000000d9c6f00000) (1024K)]
  0x000002c894d880e0 WorkerThread "GC Thread#12"                    [id=18556, stack(0x000000d9c6f00000,0x000000d9c7000000) (1024K)]
  0x000002c8f63b69d0 ConcurrentGCThread "G1 Main Marker"            [id=22684, stack(0x000000d9c4500000,0x000000d9c4600000) (1024K)]
  0x000002c8f63b7b80 WorkerThread "G1 Conc#0"                       [id=26960, stack(0x000000d9c4600000,0x000000d9c4700000) (1024K)]
  0x000002c894d86780 WorkerThread "G1 Conc#1"                       [id=30236, stack(0x000000d9c7000000,0x000000d9c7100000) (1024K)]
  0x000002c894d87260 WorkerThread "G1 Conc#2"                       [id=18248, stack(0x000000d9c7100000,0x000000d9c7200000) (1024K)]
  0x000002c8ff3d1740 ConcurrentGCThread "G1 Refine#0"               [id=12228, stack(0x000000d9c4700000,0x000000d9c4800000) (1024K)]
  0x000002c8ff3d20c0 ConcurrentGCThread "G1 Service"                [id=19072, stack(0x000000d9c4800000,0x000000d9c4900000) (1024K)]
Total: 21

Threads with active compile tasks:
C2 CompilerThread0     7359 2834   !   4       java.lang.ClassLoader::loadClass (121 bytes)
C2 CompilerThread1     7359 2845       4       java.lang.invoke.MethodType::makeImpl (109 bytes)
Total: 2

VM state: not at safepoint (normal execution)

VM Mutex/Monitor currently owned by a thread: None

Heap address: 0x0000000080000000, size: 2048 MB, Compressed Oops mode: 32-bit

CDS archive(s) not mapped
Compressed class space mapped at: 0x0000000100000000-0x0000000140000000, reserved size: 1073741824
Narrow klass base: 0x0000000000000000, Narrow klass shift: 3, Narrow klass range: 0x140000000

GC Precious Log:
 CardTable entry size: 512
 Card Set container configuration: InlinePtr #cards 5 size 8 Array Of Cards #cards 12 size 40 Howl #buckets 4 coarsen threshold 1843 Howl Bitmap #cards 512 size 80 coarsen threshold 460 Card regions per heap region 1 cards per card region 2048
 CPUs: 16 total, 16 available
 Memory: 15775M
 Large Page Support: Disabled
 NUMA Support: Disabled
 Compressed Oops: Enabled (32-bit)
 Heap Region Size: 1M
 Heap Min Capacity: 8M
 Heap Initial Capacity: 248M
 Heap Max Capacity: 2G
 Pre-touch: Disabled
 Parallel Workers: 13
 Concurrent Workers: 3
 Concurrent Refinement Workers: 13
 Periodic GC: Disabled

Heap:
 garbage-first heap   total 75776K, used 46895K [0x0000000080000000, 0x0000000100000000)
  region size 1024K, 38 young (38912K), 11 survivors (11264K)
 Metaspace       used 26182K, committed 26688K, reserved 1114112K
  class space    used 3174K, committed 3456K, reserved 1048576K

Heap Regions: E=young(eden), S=young(survivor), O=old, HS=humongous(starts), HC=humongous(continues), CS=collection set, F=free, TAMS=top-at-mark-start, PB=parsable bottom
|   0|0x0000000080000000, 0x0000000080100000, 0x0000000080100000|100%| O|  |TAMS 0x0000000080000000| PB 0x0000000080000000| Untracked 
|   1|0x0000000080100000, 0x0000000080200000, 0x0000000080200000|100%| O|  |TAMS 0x0000000080100000| PB 0x0000000080100000| Untracked 
|   2|0x0000000080200000, 0x0000000080300000, 0x0000000080300000|100%| O|  |TAMS 0x0000000080200000| PB 0x0000000080200000| Untracked 
|   3|0x0000000080300000, 0x0000000080400000, 0x0000000080400000|100%|HS|  |TAMS 0x0000000080300000| PB 0x0000000080300000| Complete 
|   4|0x0000000080400000, 0x0000000080500000, 0x0000000080500000|100%|HC|  |TAMS 0x0000000080400000| PB 0x0000000080400000| Complete 
|   5|0x0000000080500000, 0x0000000080600000, 0x0000000080600000|100%|HC|  |TAMS 0x0000000080500000| PB 0x0000000080500000| Complete 
|   6|0x0000000080600000, 0x0000000080700000, 0x0000000080700000|100%|HC|  |TAMS 0x0000000080600000| PB 0x0000000080600000| Complete 
|   7|0x0000000080700000, 0x0000000080800000, 0x0000000080800000|100%|HS|  |TAMS 0x0000000080700000| PB 0x0000000080700000| Complete 
|   8|0x0000000080800000, 0x0000000080800000, 0x0000000080900000|  0%| F|  |TAMS 0x0000000080800000| PB 0x0000000080800000| Untracked 
|   9|0x0000000080900000, 0x0000000080a00000, 0x0000000080a00000|100%| O|  |TAMS 0x0000000080900000| PB 0x0000000080900000| Untracked 
|  10|0x0000000080a00000, 0x0000000080b00000, 0x0000000080b00000|100%| O|  |TAMS 0x0000000080a00000| PB 0x0000000080a00000| Untracked 
|  11|0x0000000080b00000, 0x0000000080baa160, 0x0000000080c00000| 66%| O|Cm|TAMS 0x0000000080b00000| PB 0x0000000080b00000| Complete 
|  12|0x0000000080c00000, 0x0000000080c00000, 0x0000000080d00000|  0%| F|  |TAMS 0x0000000080c00000| PB 0x0000000080c00000| Untracked 
|  13|0x0000000080d00000, 0x0000000080d00000, 0x0000000080e00000|  0%| F|  |TAMS 0x0000000080d00000| PB 0x0000000080d00000| Untracked 
|  14|0x0000000080e00000, 0x0000000080e00000, 0x0000000080f00000|  0%| F|  |TAMS 0x0000000080e00000| PB 0x0000000080e00000| Untracked 
|  15|0x0000000080f00000, 0x0000000080f00000, 0x0000000081000000|  0%| F|  |TAMS 0x0000000080f00000| PB 0x0000000080f00000| Untracked 
|  16|0x0000000081000000, 0x0000000081000000, 0x0000000081100000|  0%| F|  |TAMS 0x0000000081000000| PB 0x0000000081000000| Untracked 
|  17|0x0000000081100000, 0x0000000081100000, 0x0000000081200000|  0%| F|  |TAMS 0x0000000081100000| PB 0x0000000081100000| Untracked 
|  18|0x0000000081200000, 0x0000000081200000, 0x0000000081300000|  0%| F|  |TAMS 0x0000000081200000| PB 0x0000000081200000| Untracked 
|  19|0x0000000081300000, 0x0000000081300000, 0x0000000081400000|  0%| F|  |TAMS 0x0000000081300000| PB 0x0000000081300000| Untracked 
|  20|0x0000000081400000, 0x0000000081400000, 0x0000000081500000|  0%| F|  |TAMS 0x0000000081400000| PB 0x0000000081400000| Untracked 
|  21|0x0000000081500000, 0x0000000081500000, 0x0000000081600000|  0%| F|  |TAMS 0x0000000081500000| PB 0x0000000081500000| Untracked 
|  22|0x0000000081600000, 0x0000000081600000, 0x0000000081700000|  0%| F|  |TAMS 0x0000000081600000| PB 0x0000000081600000| Untracked 
|  23|0x0000000081700000, 0x0000000081700000, 0x0000000081800000|  0%| F|  |TAMS 0x0000000081700000| PB 0x0000000081700000| Untracked 
|  24|0x0000000081800000, 0x0000000081800000, 0x0000000081900000|  0%| F|  |TAMS 0x0000000081800000| PB 0x0000000081800000| Untracked 
|  25|0x0000000081900000, 0x0000000081900000, 0x0000000081a00000|  0%| F|  |TAMS 0x0000000081900000| PB 0x0000000081900000| Untracked 
|  26|0x0000000081a00000, 0x0000000081a00000, 0x0000000081b00000|  0%| F|  |TAMS 0x0000000081a00000| PB 0x0000000081a00000| Untracked 
|  27|0x0000000081b00000, 0x0000000081b00000, 0x0000000081c00000|  0%| F|  |TAMS 0x0000000081b00000| PB 0x0000000081b00000| Untracked 
|  28|0x0000000081c00000, 0x0000000081c00000, 0x0000000081d00000|  0%| F|  |TAMS 0x0000000081c00000| PB 0x0000000081c00000| Untracked 
|  29|0x0000000081d00000, 0x0000000081d00000, 0x0000000081e00000|  0%| F|  |TAMS 0x0000000081d00000| PB 0x0000000081d00000| Untracked 
|  30|0x0000000081e00000, 0x0000000081e00000, 0x0000000081f00000|  0%| F|  |TAMS 0x0000000081e00000| PB 0x0000000081e00000| Untracked 
|  31|0x0000000081f00000, 0x0000000081f00000, 0x0000000082000000|  0%| F|  |TAMS 0x0000000081f00000| PB 0x0000000081f00000| Untracked 
|  32|0x0000000082000000, 0x0000000082000000, 0x0000000082100000|  0%| F|  |TAMS 0x0000000082000000| PB 0x0000000082000000| Untracked 
|  33|0x0000000082100000, 0x0000000082100000, 0x0000000082200000|  0%| F|  |TAMS 0x0000000082100000| PB 0x0000000082100000| Untracked 
|  34|0x0000000082200000, 0x0000000082200000, 0x0000000082300000|  0%| F|  |TAMS 0x0000000082200000| PB 0x0000000082200000| Untracked 
|  35|0x0000000082300000, 0x0000000082300000, 0x0000000082400000|  0%| F|  |TAMS 0x0000000082300000| PB 0x0000000082300000| Untracked 
|  36|0x0000000082400000, 0x000000008247dc58, 0x0000000082500000| 49%| E|  |TAMS 0x0000000082400000| PB 0x0000000082400000| Complete 
|  37|0x0000000082500000, 0x0000000082600000, 0x0000000082600000|100%| E|CS|TAMS 0x0000000082500000| PB 0x0000000082500000| Complete 
|  38|0x0000000082600000, 0x0000000082700000, 0x0000000082700000|100%| E|CS|TAMS 0x0000000082600000| PB 0x0000000082600000| Complete 
|  39|0x0000000082700000, 0x0000000082800000, 0x0000000082800000|100%| E|CS|TAMS 0x0000000082700000| PB 0x0000000082700000| Complete 
|  40|0x0000000082800000, 0x0000000082900000, 0x0000000082900000|100%| E|CS|TAMS 0x0000000082800000| PB 0x0000000082800000| Complete 
|  41|0x0000000082900000, 0x0000000082a00000, 0x0000000082a00000|100%| E|CS|TAMS 0x0000000082900000| PB 0x0000000082900000| Complete 
|  42|0x0000000082a00000, 0x0000000082b00000, 0x0000000082b00000|100%| E|CS|TAMS 0x0000000082a00000| PB 0x0000000082a00000| Complete 
|  43|0x0000000082b00000, 0x0000000082c00000, 0x0000000082c00000|100%| E|CS|TAMS 0x0000000082b00000| PB 0x0000000082b00000| Complete 
|  44|0x0000000082c00000, 0x0000000082d00000, 0x0000000082d00000|100%| E|CS|TAMS 0x0000000082c00000| PB 0x0000000082c00000| Complete 
|  45|0x0000000082d00000, 0x0000000082e00000, 0x0000000082e00000|100%| E|CS|TAMS 0x0000000082d00000| PB 0x0000000082d00000| Complete 
|  46|0x0000000082e00000, 0x0000000082f00000, 0x0000000082f00000|100%| E|  |TAMS 0x0000000082e00000| PB 0x0000000082e00000| Complete 
|  47|0x0000000082f00000, 0x0000000083000000, 0x0000000083000000|100%| E|CS|TAMS 0x0000000082f00000| PB 0x0000000082f00000| Complete 
|  48|0x0000000083000000, 0x0000000083100000, 0x0000000083100000|100%| E|CS|TAMS 0x0000000083000000| PB 0x0000000083000000| Complete 
|  49|0x0000000083100000, 0x0000000083200000, 0x0000000083200000|100%| E|CS|TAMS 0x0000000083100000| PB 0x0000000083100000| Complete 
|  50|0x0000000083200000, 0x0000000083300000, 0x0000000083300000|100%| E|CS|TAMS 0x0000000083200000| PB 0x0000000083200000| Complete 
|  51|0x0000000083300000, 0x0000000083400000, 0x0000000083400000|100%| E|CS|TAMS 0x0000000083300000| PB 0x0000000083300000| Complete 
|  52|0x0000000083400000, 0x0000000083500000, 0x0000000083500000|100%| E|CS|TAMS 0x0000000083400000| PB 0x0000000083400000| Complete 
|  53|0x0000000083500000, 0x0000000083600000, 0x0000000083600000|100%| E|CS|TAMS 0x0000000083500000| PB 0x0000000083500000| Complete 
|  54|0x0000000083600000, 0x0000000083700000, 0x0000000083700000|100%| E|CS|TAMS 0x0000000083600000| PB 0x0000000083600000| Complete 
|  55|0x0000000083700000, 0x0000000083800000, 0x0000000083800000|100%| E|CS|TAMS 0x0000000083700000| PB 0x0000000083700000| Complete 
|  56|0x0000000083800000, 0x0000000083900000, 0x0000000083900000|100%| E|CS|TAMS 0x0000000083800000| PB 0x0000000083800000| Complete 
|  57|0x0000000083900000, 0x0000000083a00000, 0x0000000083a00000|100%| E|CS|TAMS 0x0000000083900000| PB 0x0000000083900000| Complete 
|  58|0x0000000083a00000, 0x0000000083b00000, 0x0000000083b00000|100%| E|CS|TAMS 0x0000000083a00000| PB 0x0000000083a00000| Complete 
|  59|0x0000000083b00000, 0x0000000083c00000, 0x0000000083c00000|100%| E|CS|TAMS 0x0000000083b00000| PB 0x0000000083b00000| Complete 
|  60|0x0000000083c00000, 0x0000000083d00000, 0x0000000083d00000|100%| E|CS|TAMS 0x0000000083c00000| PB 0x0000000083c00000| Complete 
|  61|0x0000000083d00000, 0x0000000083e00000, 0x0000000083e00000|100%| E|CS|TAMS 0x0000000083d00000| PB 0x0000000083d00000| Complete 
| 221|0x000000008dd00000, 0x000000008dd21d20, 0x000000008de00000| 13%| S|CS|TAMS 0x000000008dd00000| PB 0x000000008dd00000| Complete 
| 222|0x000000008de00000, 0x000000008df00000, 0x000000008df00000|100%| S|CS|TAMS 0x000000008de00000| PB 0x000000008de00000| Complete 
| 223|0x000000008df00000, 0x000000008e000000, 0x000000008e000000|100%| S|CS|TAMS 0x000000008df00000| PB 0x000000008df00000| Complete 
| 224|0x000000008e000000, 0x000000008e100000, 0x000000008e100000|100%| S|CS|TAMS 0x000000008e000000| PB 0x000000008e000000| Complete 
| 225|0x000000008e100000, 0x000000008e200000, 0x000000008e200000|100%| S|CS|TAMS 0x000000008e100000| PB 0x000000008e100000| Complete 
| 226|0x000000008e200000, 0x000000008e300000, 0x000000008e300000|100%| S|CS|TAMS 0x000000008e200000| PB 0x000000008e200000| Complete 
| 227|0x000000008e300000, 0x000000008e400000, 0x000000008e400000|100%| S|CS|TAMS 0x000000008e300000| PB 0x000000008e300000| Complete 
| 228|0x000000008e400000, 0x000000008e500000, 0x000000008e500000|100%| S|CS|TAMS 0x000000008e400000| PB 0x000000008e400000| Complete 
| 229|0x000000008e500000, 0x000000008e600000, 0x000000008e600000|100%| S|CS|TAMS 0x000000008e500000| PB 0x000000008e500000| Complete 
| 230|0x000000008e600000, 0x000000008e700000, 0x000000008e700000|100%| S|CS|TAMS 0x000000008e600000| PB 0x000000008e600000| Complete 
| 231|0x000000008e700000, 0x000000008e800000, 0x000000008e800000|100%| S|CS|TAMS 0x000000008e700000| PB 0x000000008e700000| Complete 
| 247|0x000000008f700000, 0x000000008f800000, 0x000000008f800000|100%| E|CS|TAMS 0x000000008f700000| PB 0x000000008f700000| Complete 

Card table byte_map: [0x000002c8fa110000,0x000002c8fa510000] _byte_map_base: 0x000002c8f9d10000

Marking Bits: (CMBitMap*) 0x000002c8f40de670
 Bits: [0x000002c8fa510000, 0x000002c8fc510000)

Polling page: 0x000002c8f42d0000

Metaspace:

Usage:
  Non-class:     22.48 MB used.
      Class:      3.10 MB used.
       Both:     25.58 MB used.

Virtual space:
  Non-class space:       64.00 MB reserved,      22.69 MB ( 35%) committed,  1 nodes.
      Class space:        1.00 GB reserved,       3.38 MB ( <1%) committed,  1 nodes.
             Both:        1.06 GB reserved,      26.06 MB (  2%) committed. 

Chunk freelists:
   Non-Class:  9.00 MB
       Class:  12.67 MB
        Both:  21.67 MB

MaxMetaspaceSize: unlimited
CompressedClassSpaceSize: 1.00 GB
Initial GC threshold: 21.00 MB
Current GC threshold: 35.12 MB
CDS: off
 - commit_granule_bytes: 65536.
 - commit_granule_words: 8192.
 - virtual_space_node_default_size: 8388608.
 - enlarge_chunks_in_place: 1.
 - use_allocation_guard: 0.


Internal statistics:

num_allocs_failed_limit: 3.
num_arena_births: 588.
num_arena_deaths: 0.
num_vsnodes_births: 2.
num_vsnodes_deaths: 0.
num_space_committed: 417.
num_space_uncommitted: 0.
num_chunks_returned_to_freelist: 3.
num_chunks_taken_from_freelist: 1194.
num_chunk_merges: 3.
num_chunk_splits: 776.
num_chunks_enlarged: 538.
num_inconsistent_stats: 0.

CodeHeap 'non-profiled nmethods': size=119168Kb used=1327Kb max_used=1327Kb free=117840Kb
 bounds [0x000002c887ba0000, 0x000002c887e10000, 0x000002c88f000000]
CodeHeap 'profiled nmethods': size=119104Kb used=5977Kb max_used=5977Kb free=113126Kb
 bounds [0x000002c880000000, 0x000002c8805e0000, 0x000002c887450000]
CodeHeap 'non-nmethods': size=7488Kb used=3144Kb max_used=3159Kb free=4343Kb
 bounds [0x000002c887450000, 0x000002c887770000, 0x000002c887ba0000]
 total_blobs=3464 nmethods=2906 adapters=459
 compilation: enabled
              stopped_count=0, restarted_count=0
 full_count=0

Compilation events (20 events):
Event: 5.296 Thread 0x000002c894030800 2877       3       java.lang.invoke.ClassSpecializer$SpeciesData::fieldCount (10 bytes)
Event: 5.296 Thread 0x000002c8ff63b8d0 2878       3       com.google.common.collect.Hashing::smear (19 bytes)
Event: 5.296 Thread 0x000002c894030800 nmethod 2877 0x000002c8805ccc90 code [0x000002c8805cce40, 0x000002c8805cd010]
Event: 5.296 Thread 0x000002c8ff63b8d0 nmethod 2878 0x000002c8805cd110 code [0x000002c8805cd2a0, 0x000002c8805cd420]
Event: 5.297 Thread 0x000002c894daf190 nmethod 2876 0x000002c887ce9f10 code [0x000002c887cea0a0, 0x000002c887cea328]
Event: 5.299 Thread 0x000002c8ff63b8d0 2880       3       java.lang.invoke.MethodType::genericMethodType (6 bytes)
Event: 5.300 Thread 0x000002c8ff63b8d0 nmethod 2880 0x000002c8805cd510 code [0x000002c8805cd6c0, 0x000002c8805cd7e0]
Event: 5.313 Thread 0x000002c894daf190 2882       4       java.lang.invoke.VarHandleByteArrayAsInts$ArrayHandle::index (12 bytes)
Event: 5.313 Thread 0x000002c894e32c50 2883       3       java.lang.invoke.VarHandleByteArrayAsInts$ArrayHandle::get (36 bytes)
Event: 5.313 Thread 0x000002c894e32c50 nmethod 2883 0x000002c8805cd890 code [0x000002c8805cda60, 0x000002c8805cde18]
Event: 5.313 Thread 0x000002c894daf190 nmethod 2882 0x000002c887cea890 code [0x000002c887ceaa20, 0x000002c887ceaae8]
Event: 5.313 Thread 0x000002c894e32c50 2884       3       sun.security.provider.MD5::FF (27 bytes)
Event: 5.313 Thread 0x000002c8ff63b8d0 2885       3       sun.security.provider.MD5::GG (27 bytes)
Event: 5.313 Thread 0x000002c894a97360 2886       3       sun.security.provider.MD5::HH (23 bytes)
Event: 5.313 Thread 0x000002c894030800 2887       3       sun.security.provider.MD5::II (25 bytes)
Event: 5.314 Thread 0x000002c894e32c50 nmethod 2884 0x000002c8805ce010 code [0x000002c8805ce1a0, 0x000002c8805ce320]
Event: 5.314 Thread 0x000002c894030800 nmethod 2887 0x000002c8805ce410 code [0x000002c8805ce5a0, 0x000002c8805ce710]
Event: 5.314 Thread 0x000002c8ff63b8d0 nmethod 2885 0x000002c8805ce810 code [0x000002c8805ce9a0, 0x000002c8805ceb18]
Event: 5.314 Thread 0x000002c894a97360 nmethod 2886 0x000002c8805cec10 code [0x000002c8805ceda0, 0x000002c8805cef18]
Event: 5.442 Thread 0x000002c8ff63b8d0 2888       1       java.util.concurrent.atomic.AtomicInteger::get (5 bytes)

GC Heap History (8 events):
Event: 0.376 GC heap before
{Heap before GC invocations=0 (full 0):
 garbage-first heap   total 253952K, used 22528K [0x0000000080000000, 0x0000000100000000)
  region size 1024K, 23 young (23552K), 0 survivors (0K)
 Metaspace       used 8015K, committed 8128K, reserved 1114112K
  class space    used 712K, committed 768K, reserved 1048576K
}
Event: 0.379 GC heap after
{Heap after GC invocations=1 (full 0):
 garbage-first heap   total 253952K, used 5244K [0x0000000080000000, 0x0000000100000000)
  region size 1024K, 3 young (3072K), 3 survivors (3072K)
 Metaspace       used 8015K, committed 8128K, reserved 1114112K
  class space    used 712K, committed 768K, reserved 1048576K
}
Event: 0.823 GC heap before
{Heap before GC invocations=1 (full 0):
 garbage-first heap   total 253952K, used 42108K [0x0000000080000000, 0x0000000100000000)
  region size 1024K, 35 young (35840K), 3 survivors (3072K)
 Metaspace       used 12240K, committed 12416K, reserved 1114112K
  class space    used 1279K, committed 1408K, reserved 1048576K
}
Event: 0.828 GC heap after
{Heap after GC invocations=2 (full 0):
 garbage-first heap   total 253952K, used 11777K [0x0000000080000000, 0x0000000100000000)
  region size 1024K, 5 young (5120K), 5 survivors (5120K)
 Metaspace       used 12240K, committed 12416K, reserved 1114112K
  class space    used 1279K, committed 1408K, reserved 1048576K
}
Event: 4.611 GC heap before
{Heap before GC invocations=2 (full 0):
 garbage-first heap   total 253952K, used 66049K [0x0000000080000000, 0x0000000100000000)
  region size 1024K, 57 young (58368K), 5 survivors (5120K)
 Metaspace       used 16939K, committed 17216K, reserved 1114112K
  class space    used 1899K, committed 2048K, reserved 1048576K
}
Event: 4.616 GC heap after
{Heap after GC invocations=3 (full 0):
 garbage-first heap   total 253952K, used 19112K [0x0000000080000000, 0x0000000100000000)
  region size 1024K, 8 young (8192K), 8 survivors (8192K)
 Metaspace       used 16939K, committed 17216K, reserved 1114112K
  class space    used 1899K, committed 2048K, reserved 1048576K
}
Event: 4.909 GC heap before
{Heap before GC invocations=3 (full 0):
 garbage-first heap   total 253952K, used 34472K [0x0000000080000000, 0x0000000100000000)
  region size 1024K, 24 young (24576K), 8 survivors (8192K)
 Metaspace       used 21144K, committed 21504K, reserved 1114112K
  class space    used 2421K, committed 2560K, reserved 1048576K
}
Event: 4.912 GC heap after
{Heap after GC invocations=4 (full 0):
 garbage-first heap   total 253952K, used 21295K [0x0000000080000000, 0x0000000100000000)
  region size 1024K, 11 young (11264K), 11 survivors (11264K)
 Metaspace       used 21144K, committed 21504K, reserved 1114112K
  class space    used 2421K, committed 2560K, reserved 1048576K
}

Dll operation events (3 events):
Event: 0.018 Loaded shared library C:\Program Files\Android\Android Studio\jbr\bin\java.dll
Event: 0.024 Loaded shared library C:\Program Files\Android\Android Studio\jbr\bin\zip.dll
Event: 0.410 Loaded shared library C:\Program Files\Android\Android Studio\jbr\bin\verify.dll

Deoptimization events (20 events):
Event: 5.179 Thread 0x000002c894e30950 DEOPT PACKING pc=0x000002c887c6f7e4 sp=0x000000d9c68fc160
Event: 5.179 Thread 0x000002c894e30950 DEOPT UNPACKING pc=0x000002c8874a46a2 sp=0x000000d9c68fc118 mode 2
Event: 5.212 Thread 0x000002c894e30950 Uncommon trap: trap_request=0xffffff45 fr.pc=0x000002c887bbf3e4 relative=0x00000000000001c4
Event: 5.212 Thread 0x000002c894e30950 Uncommon trap: reason=unstable_if action=reinterpret pc=0x000002c887bbf3e4 method=java.util.regex.Matcher.reset()Ljava/util/regex/Matcher; @ 47 c2
Event: 5.212 Thread 0x000002c894e30950 DEOPT PACKING pc=0x000002c887bbf3e4 sp=0x000000d9c68faa90
Event: 5.212 Thread 0x000002c894e30950 DEOPT UNPACKING pc=0x000002c8874a46a2 sp=0x000000d9c68faa20 mode 2
Event: 5.218 Thread 0x000002c894e30950 DEOPT PACKING pc=0x000002c880106abf sp=0x000000d9c68fa720
Event: 5.218 Thread 0x000002c894e30950 DEOPT UNPACKING pc=0x000002c8874a4e42 sp=0x000000d9c68f9bb8 mode 0
Event: 5.238 Thread 0x000002c894e30950 Uncommon trap: trap_request=0xffffff45 fr.pc=0x000002c887c96160 relative=0x00000000000000c0
Event: 5.238 Thread 0x000002c894e30950 Uncommon trap: reason=unstable_if action=reinterpret pc=0x000002c887c96160 method=jdk.internal.misc.Unsafe.convEndian(ZI)I @ 4 c2
Event: 5.238 Thread 0x000002c894e30950 DEOPT PACKING pc=0x000002c887c96160 sp=0x000000d9c68fb1a0
Event: 5.238 Thread 0x000002c894e30950 DEOPT UNPACKING pc=0x000002c8874a46a2 sp=0x000000d9c68fb038 mode 2
Event: 5.261 Thread 0x000002c894e30950 Uncommon trap: trap_request=0xffffff45 fr.pc=0x000002c887bc37a0 relative=0x0000000000000d20
Event: 5.261 Thread 0x000002c894e30950 Uncommon trap: reason=unstable_if action=reinterpret pc=0x000002c887bc37a0 method=java.io.WinNTFileSystem.resolve(Ljava/lang/String;Ljava/lang/String;)Ljava/lang/String; @ 19 c2
Event: 5.261 Thread 0x000002c894e30950 DEOPT PACKING pc=0x000002c887bc37a0 sp=0x000000d9c68fb640
Event: 5.261 Thread 0x000002c894e30950 DEOPT UNPACKING pc=0x000002c8874a46a2 sp=0x000000d9c68fb5d8 mode 2
Event: 5.263 Thread 0x000002c894e30950 Uncommon trap: trap_request=0xffffff45 fr.pc=0x000002c887c33310 relative=0x0000000000000630
Event: 5.263 Thread 0x000002c894e30950 Uncommon trap: reason=unstable_if action=reinterpret pc=0x000002c887c33310 method=java.io.File.getName()Ljava/lang/String; @ 16 c2
Event: 5.263 Thread 0x000002c894e30950 DEOPT PACKING pc=0x000002c887c33310 sp=0x000000d9c68fb600
Event: 5.263 Thread 0x000002c894e30950 DEOPT UNPACKING pc=0x000002c8874a46a2 sp=0x000000d9c68fb5d0 mode 2

Classes loaded (20 events):
Event: 5.236 Loading class sun/security/provider/MD5
Event: 5.236 Loading class sun/security/provider/MD5 done
Event: 5.236 Loading class sun/security/provider/SHA5$SHA512
Event: 5.237 Loading class sun/security/provider/SHA5
Event: 5.237 Loading class sun/security/provider/SHA5 done
Event: 5.237 Loading class sun/security/provider/SHA5$SHA512 done
Event: 5.238 Loading class sun/security/provider/ByteArrayAccess$LE
Event: 5.238 Loading class sun/security/provider/ByteArrayAccess$LE done
Event: 5.262 Loading class java/io/File$TempDirectory
Event: 5.262 Loading class java/io/File$TempDirectory done
Event: 5.268 Loading class java/io/PrintWriter
Event: 5.269 Loading class java/io/PrintWriter done
Event: 5.290 Loading class java/util/concurrent/Semaphore
Event: 5.290 Loading class java/util/concurrent/Semaphore done
Event: 5.293 Loading class java/nio/file/FileVisitOption
Event: 5.293 Loading class java/nio/file/FileVisitOption done
Event: 5.297 Loading class java/util/stream/ReduceOps$1
Event: 5.297 Loading class java/util/stream/ReduceOps$1 done
Event: 5.297 Loading class java/util/stream/ReduceOps$1ReducingSink
Event: 5.297 Loading class java/util/stream/ReduceOps$1ReducingSink done

Classes unloaded (0 events):
No events

Classes redefined (0 events):
No events

Internal exceptions (20 events):
Event: 4.775 Thread 0x000002c8f634df70 Implicit null exception at 0x000002c887beeba4 to 0x000002c887bef1f8
Event: 4.778 Thread 0x000002c8f634df70 Exception <a 'java/lang/NoSuchMethodError'{0x000000008f02c9a0}: 'java.lang.Object java.lang.invoke.DirectMethodHandle$Holder.newInvokeSpecial(java.lang.Object, java.lang.Object, java.lang.Object, java.lang.Object, java.lang.Object)'> (0x000000008f02c9a0) 
thrown [s\src\hotspot\share\interpreter\linkResolver.cpp, line 784]
Event: 4.857 Thread 0x000002c894e31d00 Exception <a 'java/lang/NoSuchMethodError'{0x000000008ed61028}: 'void java.lang.invoke.DirectMethodHandle$Holder.invokeSpecial(java.lang.Object, java.lang.Object, java.lang.Object)'> (0x000000008ed61028) 
thrown [s\src\hotspot\share\interpreter\linkResolver.cpp, line 784]
Event: 4.904 Thread 0x000002c894e30950 Exception <a 'java/lang/NoSuchMethodError'{0x000000008e8560e0}: 'long java.lang.invoke.DirectMethodHandle$Holder.invokeInterface(java.lang.Object, java.lang.Object)'> (0x000000008e8560e0) 
thrown [s\src\hotspot\share\interpreter\linkResolver.cpp, line 784]
Event: 4.974 Thread 0x000002c894e30950 Exception <a 'java/lang/NoSuchMethodError'{0x0000000083a69d98}: 'void java.lang.invoke.DirectMethodHandle$Holder.invokeStatic(java.lang.Object, java.lang.Object)'> (0x0000000083a69d98) 
thrown [s\src\hotspot\share\interpreter\linkResolver.cpp, line 784]
Event: 4.979 Thread 0x000002c894e30950 Exception <a 'java/lang/NoSuchMethodError'{0x0000000083aa8a40}: 'java.lang.Object java.lang.invoke.DirectMethodHandle$Holder.invokeVirtual(java.lang.Object, java.lang.Object, java.lang.Object, java.lang.Object, java.lang.Object, java.lang.Object, java.lang.Object, java.lang.Object, java.lang.Object, java.lang.Object, java.lang.Object, java.lang.Object)'> (0x0000000083aa8a40) 
thrown [s\src\hotspot\share\interpreter\linkResolver.cpp, line 784]
Event: 4.979 Thread 0x000002c894e30950 Exception <a 'java/lang/NoSuchMethodError'{0x0000000083aadb90}: 'java.lang.Object java.lang.invoke.DirectMethodHandle$Holder.invokeSpecial(java.lang.Object, java.lang.Object, java.lang.Object, java.lang.Object, java.lang.Object, java.lang.Object, java.lang.Object, java.lang.Object, java.lang.Object, java.lang.Object, java.lang.Object, java.lang.Object, java.lang.Object)'> (0x0000000083aadb90) 
thrown [s\src\hotspot\share\interpreter\linkResolver.cpp, line 784]
Event: 5.008 Thread 0x000002c894e30950 Exception <a 'java/lang/NoSuchMethodError'{0x00000000838f0c48}: 'int java.lang.invoke.DirectMethodHandle$Holder.invokeVirtual(java.lang.Object, java.lang.Object, java.lang.Object)'> (0x00000000838f0c48) 
thrown [s\src\hotspot\share\interpreter\linkResolver.cpp, line 784]
Event: 5.039 Thread 0x000002c894e30950 Exception <a 'java/lang/NoSuchMethodError'{0x0000000083549870}: 'java.lang.Object java.lang.invoke.DirectMethodHandle$Holder.newInvokeSpecial(java.lang.Object, java.lang.Object, java.lang.Object, java.lang.Object, java.lang.Object, java.lang.Object)'> (0x0000000083549870) 
thrown [s\src\hotspot\share\interpreter\linkResolver.cpp, line 784]
Event: 5.041 Thread 0x000002c894e30950 Exception <a 'java/lang/NoSuchMethodError'{0x000000008356b358}: 'void java.lang.invoke.DirectMethodHandle$Holder.invokeStaticInit(java.lang.Object, java.lang.Object)'> (0x000000008356b358) 
thrown [s\src\hotspot\share\interpreter\linkResolver.cpp, line 784]
Event: 5.085 Thread 0x000002c894e30950 Exception <a 'java/lang/NoSuchMethodError'{0x00000000833fa6c0}: 'void java.lang.invoke.DelegatingMethodHandle$Holder.reinvoke_L(java.lang.Object, java.lang.Object, java.lang.Object, java.lang.Object, java.lang.Object, java.lang.Object, java.lang.Object, java.lang.Object, java.lang.Object, java.lang.Object)'> (0x00000000833fa6c0) 
thrown [s\src\hotspot\share\interpreter\linkResolver.cpp, line 784]
Event: 5.085 Thread 0x000002c894e30950 Exception <a 'java/lang/NoSuchMethodError'{0x0000000083202950}: 'java.lang.Object java.lang.invoke.Invokers$Holder.invoker(java.lang.Object, java.lang.Object, java.lang.Object, java.lang.Object, java.lang.Object, java.lang.Object, java.lang.Object, java.lang.Object, java.lang.Object, java.lang.Object)'> (0x0000000083202950) 
thrown [s\src\hotspot\share\interpreter\linkResolver.cpp, line 784]
Event: 5.144 Thread 0x000002c894e30950 Exception <a 'java/lang/NoSuchMethodError'{0x0000000082fe2340}: 'void java.lang.invoke.DirectMethodHandle$Holder.invokeVirtual(java.lang.Object, java.lang.Object, java.lang.Object, java.lang.Object, java.lang.Object)'> (0x0000000082fe2340) 
thrown [s\src\hotspot\share\interpreter\linkResolver.cpp, line 784]
Event: 5.176 Thread 0x000002c894e30950 Exception <a 'java/lang/NoSuchMethodError'{0x0000000082d88300}: 'void java.lang.invoke.DirectMethodHandle$Holder.invokeInterface(java.lang.Object, java.lang.Object)'> (0x0000000082d88300) 
thrown [s\src\hotspot\share\interpreter\linkResolver.cpp, line 784]
Event: 5.176 Thread 0x000002c894e30950 Exception <a 'java/lang/IncompatibleClassChangeError'{0x0000000082d8b880}: Found class java.lang.Object, but interface was expected> (0x0000000082d8b880) 
thrown [s\src\hotspot\share\interpreter\linkResolver.cpp, line 851]
Event: 5.197 Thread 0x000002c894e30950 Exception <a 'java/lang/NoSuchMethodError'{0x0000000082cadc48}: 'java.lang.Object java.lang.invoke.DirectMethodHandle$Holder.newInvokeSpecial(java.lang.Object, java.lang.Object, int)'> (0x0000000082cadc48) 
thrown [s\src\hotspot\share\interpreter\linkResolver.cpp, line 784]
Event: 5.207 Thread 0x000002c894e30950 Exception <a 'java/lang/NoSuchMethodError'{0x0000000082b2e378}: 'java.lang.Object java.lang.invoke.DirectMethodHandle$Holder.invokeVirtual(java.lang.Object, java.lang.Object, java.lang.Object, java.lang.Object, java.lang.Object, java.lang.Object, java.lang.Object, java.lang.Object)'> (0x0000000082b2e378) 
thrown [s\src\hotspot\share\interpreter\linkResolver.cpp, line 784]
Event: 5.295 Thread 0x000002c894e30950 Exception <a 'java/lang/NoSuchMethodError'{0x000000008265cde8}: 'int java.lang.invoke.DirectMethodHandle$Holder.invokeSpecialIFC(java.lang.Object, java.lang.Object, java.lang.Object, java.lang.Object)'> (0x000000008265cde8) 
thrown [s\src\hotspot\share\interpreter\linkResolver.cpp, line 784]
Event: 5.296 Thread 0x000002c894e30950 Exception <a 'java/lang/NoSuchMethodError'{0x000000008266a630}: 'java.lang.Object java.lang.invoke.DirectMethodHandle$Holder.invokeInterface(java.lang.Object, java.lang.Object, java.lang.Object)'> (0x000000008266a630) 
thrown [s\src\hotspot\share\interpreter\linkResolver.cpp, line 784]
Event: 5.297 Thread 0x000002c894e30950 Exception <a 'java/lang/IncompatibleClassChangeError'{0x000000008266e248}: Found class java.lang.Object, but interface was expected> (0x000000008266e248) 
thrown [s\src\hotspot\share\interpreter\linkResolver.cpp, line 851]

ZGC Phase Switch (0 events):
No events

VM Operations (20 events):
Event: 4.606 Executing VM operation: HandshakeAllThreads (Deoptimize) done
Event: 4.611 Executing VM operation: G1CollectForAllocation (G1 Evacuation Pause)
Event: 4.616 Executing VM operation: G1CollectForAllocation (G1 Evacuation Pause) done
Event: 4.640 Executing VM operation: HandshakeAllThreads (Deoptimize)
Event: 4.640 Executing VM operation: HandshakeAllThreads (Deoptimize) done
Event: 4.673 Executing VM operation: HandshakeAllThreads (Deoptimize)
Event: 4.673 Executing VM operation: HandshakeAllThreads (Deoptimize) done
Event: 4.748 Executing VM operation: HandshakeAllThreads (Deoptimize)
Event: 4.748 Executing VM operation: HandshakeAllThreads (Deoptimize) done
Event: 4.796 Executing VM operation: HandshakeAllThreads (Deoptimize)
Event: 4.797 Executing VM operation: HandshakeAllThreads (Deoptimize) done
Event: 4.909 Executing VM operation: CollectForMetadataAllocation (Metadata GC Threshold)
Event: 4.912 Executing VM operation: CollectForMetadataAllocation (Metadata GC Threshold) done
Event: 4.915 Executing VM operation: G1PauseRemark
Event: 4.917 Executing VM operation: G1PauseRemark done
Event: 4.917 Executing VM operation: G1PauseCleanup
Event: 4.918 Executing VM operation: G1PauseCleanup done
Event: 5.194 Executing VM operation: HandshakeAllThreads (Deoptimize)
Event: 5.194 Executing VM operation: HandshakeAllThreads (Deoptimize) done
Event: 6.200 Executing VM operation: Cleanup

Memory protections (0 events):
No events

Nmethod flushes (0 events):
No events

Events (20 events):
Event: 4.458 Thread 0x000002c8ff638670 Thread added: 0x000002c894a97360
Event: 4.475 Thread 0x000002c8ff63b8d0 Thread added: 0x000002c894030800
Event: 4.530 Loaded shared library C:\Program Files\Android\Android Studio\jbr\bin\management.dll
Event: 4.532 Loaded shared library C:\Program Files\Android\Android Studio\jbr\bin\management_ext.dll
Event: 4.557 Thread 0x000002c8f634df70 Thread added: 0x000002c894e2ef10
Event: 4.701 Loaded shared library C:\Program Files\Android\Android Studio\jbr\bin\extnet.dll
Event: 4.726 Thread 0x000002c8f634df70 Thread added: 0x000002c894e2fc30
Event: 4.733 Thread 0x000002c8ff63b8d0 Thread added: 0x000002c894daf190
Event: 4.781 Thread 0x000002c8f634df70 Thread added: 0x000002c894e30fe0
Event: 4.820 Thread 0x000002c894e2fc30 Thread added: 0x000002c894e31d00
Event: 4.822 Thread 0x000002c894e31d00 Thread added: 0x000002c894e2e880
Event: 4.852 Thread 0x000002c894e31d00 Thread added: 0x000002c894e2f5a0
Event: 4.858 Thread 0x000002c894e31d00 Thread added: 0x000002c894e30950
Event: 4.864 Thread 0x000002c894e30950 Thread added: 0x000002c894b216f0
Event: 4.867 Thread 0x000002c894e30950 Thread added: 0x000002c894b21d80
Event: 4.869 Thread 0x000002c894e30950 Thread added: 0x000002c894b237c0
Event: 5.196 Thread 0x000002c894e30950 Thread added: 0x000002c894b23e50
Event: 5.203 Thread 0x000002c894e30950 Thread added: 0x000002c894b24b70
Event: 5.228 Thread 0x000002c894e30950 Thread added: 0x000002c894b22410
Event: 5.442 Thread 0x000002c894daf190 Thread exited: 0x000002c894daf190


Dynamic libraries:
0x00007ff75d0e0000 - 0x00007ff75d0ea000 	C:\Program Files\Android\Android Studio\jbr\bin\java.exe
0x00007ffe857c0000 - 0x00007ffe85a23000 	C:\WINDOWS\SYSTEM32\ntdll.dll
0x00007ffe85030000 - 0x00007ffe850f8000 	C:\WINDOWS\System32\KERNEL32.DLL
0x00007ffe82b90000 - 0x00007ffe82f42000 	C:\WINDOWS\System32\KERNELBASE.dll
0x00007ffe83160000 - 0x00007ffe832ab000 	C:\WINDOWS\System32\ucrtbase.dll
0x00007ffe71830000 - 0x00007ffe7184b000 	C:\Program Files\Android\Android Studio\jbr\bin\VCRUNTIME140.dll
0x00007ffe43ff0000 - 0x00007ffe44008000 	C:\Program Files\Android\Android Studio\jbr\bin\jli.dll
0x00007ffe83e70000 - 0x00007ffe84038000 	C:\WINDOWS\System32\USER32.dll
0x00007ffe82fe0000 - 0x00007ffe83007000 	C:\WINDOWS\System32\win32u.dll
0x00007ffe6c0a0000 - 0x00007ffe6c330000 	C:\WINDOWS\WinSxS\amd64_microsoft.windows.common-controls_6595b64144ccf1df_6.0.26100.2454_none_3e0b68a2e331ad60\COMCTL32.dll
0x00007ffe84bd0000 - 0x00007ffe84bfa000 	C:\WINDOWS\System32\GDI32.dll
0x00007ffe84ef0000 - 0x00007ffe84f99000 	C:\WINDOWS\System32\msvcrt.dll
0x00007ffe832b0000 - 0x00007ffe833db000 	C:\WINDOWS\System32\gdi32full.dll
0x00007ffe83010000 - 0x00007ffe830b3000 	C:\WINDOWS\System32\msvcp_win.dll
0x00007ffe83e30000 - 0x00007ffe83e5f000 	C:\WINDOWS\System32\IMM32.DLL
0x00007ffe80230000 - 0x00007ffe8023c000 	C:\Program Files\Android\Android Studio\jbr\bin\vcruntime140_1.dll
0x00007ffe25c70000 - 0x00007ffe25cfd000 	C:\Program Files\Android\Android Studio\jbr\bin\msvcp140.dll
0x00007ffde2cf0000 - 0x00007ffde3973000 	C:\Program Files\Android\Android Studio\jbr\bin\server\jvm.dll
0x00007ffe840a0000 - 0x00007ffe84154000 	C:\WINDOWS\System32\ADVAPI32.dll
0x00007ffe83b80000 - 0x00007ffe83c26000 	C:\WINDOWS\System32\sechost.dll
0x00007ffe849d0000 - 0x00007ffe84ae6000 	C:\WINDOWS\System32\RPCRT4.dll
0x00007ffe855f0000 - 0x00007ffe85664000 	C:\WINDOWS\System32\WS2_32.dll
0x00007ffe82a20000 - 0x00007ffe82a6e000 	C:\WINDOWS\SYSTEM32\POWRPROF.dll
0x00007ffe793c0000 - 0x00007ffe793cb000 	C:\WINDOWS\SYSTEM32\VERSION.dll
0x00007ffe801a0000 - 0x00007ffe801d6000 	C:\WINDOWS\SYSTEM32\WINMM.dll
0x00007ffe82a00000 - 0x00007ffe82a14000 	C:\WINDOWS\SYSTEM32\UMPDC.dll
0x00007ffe819d0000 - 0x00007ffe819ea000 	C:\WINDOWS\SYSTEM32\kernel.appcore.dll
0x00007ffe71820000 - 0x00007ffe7182a000 	C:\Program Files\Android\Android Studio\jbr\bin\jimage.dll
0x00007ffe7ff50000 - 0x00007ffe80191000 	C:\WINDOWS\SYSTEM32\DBGHELP.DLL
0x00007ffe85260000 - 0x00007ffe855de000 	C:\WINDOWS\System32\combase.dll
0x00007ffe84e10000 - 0x00007ffe84ee6000 	C:\WINDOWS\System32\OLEAUT32.dll
0x00007ffe7ff10000 - 0x00007ffe7ff49000 	C:\WINDOWS\SYSTEM32\dbgcore.DLL
0x00007ffe830c0000 - 0x00007ffe83159000 	C:\WINDOWS\System32\bcryptPrimitives.dll
0x00007ffe54f10000 - 0x00007ffe54f1e000 	C:\Program Files\Android\Android Studio\jbr\bin\instrument.dll
0x00007ffe71800000 - 0x00007ffe71820000 	C:\Program Files\Android\Android Studio\jbr\bin\java.dll
0x00007ffe70e80000 - 0x00007ffe70e98000 	C:\Program Files\Android\Android Studio\jbr\bin\zip.dll
0x00007ffe842c0000 - 0x00007ffe849c1000 	C:\WINDOWS\System32\SHELL32.dll
0x00007ffe80870000 - 0x00007ffe810a1000 	C:\WINDOWS\SYSTEM32\windows.storage.dll
0x00007ffe84af0000 - 0x00007ffe84bca000 	C:\WINDOWS\System32\SHCORE.dll
0x00007ffe84040000 - 0x00007ffe8409d000 	C:\WINDOWS\System32\shlwapi.dll
0x00007ffe82aa0000 - 0x00007ffe82ace000 	C:\WINDOWS\SYSTEM32\profapi.dll
0x00007ffe61000000 - 0x00007ffe61010000 	C:\Program Files\Android\Android Studio\jbr\bin\net.dll
0x00007ffe7b7f0000 - 0x00007ffe7b916000 	C:\WINDOWS\SYSTEM32\WINHTTP.dll
0x00007ffe81ed0000 - 0x00007ffe81f38000 	C:\WINDOWS\system32\mswsock.dll
0x00007ffe4a3e0000 - 0x00007ffe4a3f6000 	C:\Program Files\Android\Android Studio\jbr\bin\nio.dll
0x00007ffe60500000 - 0x00007ffe60510000 	C:\Program Files\Android\Android Studio\jbr\bin\verify.dll
0x00007ffe381a0000 - 0x00007ffe381c7000 	C:\Users\vineg\.gradle\native\c067742578af261105cb4f569cf0c3c89f3d7b1fecec35dd04571415982c5e48\windows-amd64\native-platform.dll
0x00007ffe1abb0000 - 0x00007ffe1acf4000 	C:\Users\vineg\.gradle\native\100fb08df4bc3b14c8652ba06237920a3bd2aa13389f12d3474272988ae205f9\windows-amd64\native-platform-file-events.dll
0x00007ffe5f3d0000 - 0x00007ffe5f3d9000 	C:\Program Files\Android\Android Studio\jbr\bin\management.dll
0x00007ffe5d2f0000 - 0x00007ffe5d2fb000 	C:\Program Files\Android\Android Studio\jbr\bin\management_ext.dll
0x00007ffe85770000 - 0x00007ffe85778000 	C:\WINDOWS\System32\PSAPI.DLL
0x00007ffe82170000 - 0x00007ffe8218c000 	C:\WINDOWS\SYSTEM32\CRYPTSP.dll
0x00007ffe81930000 - 0x00007ffe81968000 	C:\WINDOWS\system32\rsaenh.dll
0x00007ffe81f70000 - 0x00007ffe81f9b000 	C:\WINDOWS\SYSTEM32\USERENV.dll
0x00007ffe823b0000 - 0x00007ffe823d6000 	C:\WINDOWS\SYSTEM32\bcrypt.dll
0x00007ffe82190000 - 0x00007ffe8219c000 	C:\WINDOWS\SYSTEM32\CRYPTBASE.dll
0x00007ffe81470000 - 0x00007ffe814a2000 	C:\WINDOWS\SYSTEM32\IPHLPAPI.DLL
0x00007ffe85760000 - 0x00007ffe8576a000 	C:\WINDOWS\System32\NSI.dll
0x00007ffe5efb0000 - 0x00007ffe5efb9000 	C:\Program Files\Android\Android Studio\jbr\bin\extnet.dll
0x00007ffe7cdf0000 - 0x00007ffe7cdf8000 	C:\WINDOWS\system32\wshunix.dll

dbghelp: loaded successfully - version: 4.0.5 - missing functions: none
symbol engine: initialized successfully - sym options: 0x614 - pdb path: .;C:\Program Files\Android\Android Studio\jbr\bin;C:\WINDOWS\SYSTEM32;C:\WINDOWS\WinSxS\amd64_microsoft.windows.common-controls_6595b64144ccf1df_6.0.26100.2454_none_3e0b68a2e331ad60;C:\Program Files\Android\Android Studio\jbr\bin\server;C:\Users\vineg\.gradle\native\c067742578af261105cb4f569cf0c3c89f3d7b1fecec35dd04571415982c5e48\windows-amd64;C:\Users\vineg\.gradle\native\100fb08df4bc3b14c8652ba06237920a3bd2aa13389f12d3474272988ae205f9\windows-amd64

VM Arguments:
jvm_args: --add-opens=java.base/java.util=ALL-UNNAMED --add-opens=java.base/java.lang=ALL-UNNAMED --add-opens=java.base/java.lang.invoke=ALL-UNNAMED --add-opens=java.prefs/java.util.prefs=ALL-UNNAMED --add-exports=jdk.compiler/com.sun.tools.javac.api=ALL-UNNAMED --add-exports=jdk.compiler/com.sun.tools.javac.util=ALL-UNNAMED --add-opens=java.base/java.nio.charset=ALL-UNNAMED --add-opens=java.base/java.net=ALL-UNNAMED --add-opens=java.base/java.util.concurrent.atomic=ALL-UNNAMED -Xmx2048m -Dfile.encoding=UTF-8 -Duser.country=IN -Duser.language=en -Duser.variant -javaagent:C:\Users\vineg\.gradle\wrapper\dists\gradle-8.10.2-bin\a04bxjujx95o3nb99gddekhwo\gradle-8.10.2\lib\agents\gradle-instrumentation-agent-8.10.2.jar 
java_command: org.gradle.launcher.daemon.bootstrap.GradleDaemon 8.10.2
java_class_path (initial): C:\Users\vineg\.gradle\wrapper\dists\gradle-8.10.2-bin\a04bxjujx95o3nb99gddekhwo\gradle-8.10.2\lib\gradle-daemon-main-8.10.2.jar
Launcher Type: SUN_STANDARD

[Global flags]
     intx CICompilerCount                          = 12                                        {product} {ergonomic}
     uint ConcGCThreads                            = 3                                         {product} {ergonomic}
     uint G1ConcRefinementThreads                  = 13                                        {product} {ergonomic}
   size_t G1HeapRegionSize                         = 1048576                                   {product} {ergonomic}
    uintx GCDrainStackTargetSize                   = 64                                        {product} {ergonomic}
   size_t InitialHeapSize                          = 260046848                                 {product} {ergonomic}
   size_t MarkStackSize                            = 4194304                                   {product} {ergonomic}
   size_t MaxHeapSize                              = 2147483648                                {product} {command line}
   size_t MaxNewSize                               = 1287651328                                {product} {ergonomic}
   size_t MinHeapDeltaBytes                        = 1048576                                   {product} {ergonomic}
   size_t MinHeapSize                              = 8388608                                   {product} {ergonomic}
    uintx NonNMethodCodeHeapSize                   = 7602480                                {pd product} {ergonomic}
    uintx NonProfiledCodeHeapSize                  = 122027880                              {pd product} {ergonomic}
    uintx ProfiledCodeHeapSize                     = 122027880                              {pd product} {ergonomic}
    uintx ReservedCodeCacheSize                    = 251658240                              {pd product} {ergonomic}
     bool SegmentedCodeCache                       = true                                      {product} {ergonomic}
   size_t SoftMaxHeapSize                          = 2147483648                             {manageable} {ergonomic}
     bool UseCompressedOops                        = true                           {product lp64_product} {ergonomic}
     bool UseG1GC                                  = true                                      {product} {ergonomic}
     bool UseLargePagesIndividualAllocation        = false                                  {pd product} {ergonomic}

Logging:
Log output configuration:
 #0: stdout all=warning uptime,level,tags foldmultilines=false
 #1: stderr all=off uptime,level,tags foldmultilines=false

Environment Variables:
JAVA_HOME=C:\Program Files\Eclipse Adoptium\jdk-17.0.12.7-hotspot\
PATH=C:\OracleDb\bin;C:\Program Files\Eclipse Adoptium\jdk-17.0.12.7-hotspot\bin;C:\Windows\system32;C:\Windows;C:\Windows\System32\Wbem;C:\Windows\System32\WindowsPowerShell\v1.0\;C:\Windows\System32\OpenSSH\;C:\Program Files (x86)\NVIDIA Corporation\PhysX\Common;C:\Program Files\NVIDIA Corporation\NVIDIA NvDLISR;C:\WINDOWS\system32;C:\WINDOWS;C:\WINDOWS\System32\Wbem;C:\WINDOWS\System32\WindowsPowerShell\v1.0\;C:\WINDOWS\System32\OpenSSH\;C:\ProgramData\chocolatey\bin;C:\Program Files\dotnet\;C:\Program Files (x86)\Windows Kits\10\Windows Performance Toolkit\;C:\Program Files\Docker\Docker\resources\bin;C:\Users\vineg\AppData\Local\Programs\Python\Python312\Scripts;C:\Program Files\Git\cmd;C:\Program Files\Go\bin;C:\Users\vineg\AppData\Local\nvm;C:\nvm4w\nodejs;C:\Users\vineg\.console-ninja\.bin;C:\Users\vineg\AppData\Local\Programs\Python\Python312\Scripts\;C:\Users\vineg\AppData\Local\Programs\Python\Python312\;C:\Users\vineg\AppData\Local\Microsoft\WindowsApps;C:\Users\vineg\AppData\Local\Programs\Microsoft VS Code\bin;C:\Users\vineg\AppData\Roaming\npm;C:\Mingw\bin;C:\Program Files\Eclipse Adoptium\jdk-17.0.12.7-hotspot\bin;C:\kotlinc\bin;C:\InteliJ\IntelliJ IDEA 2024.3\bin;;C:\Users\vineg\AppData\Local\Microsoft\WindowsApps;C:\flutter\bin;C:\Users\vineg\go\bin;C:\Users\vineg\AppData\Local\nvm;C:\nvm4w\nodejs;C:\Program Files\JetBrains\WebStorm 2024.3.2.1\bin;
USERNAME=vineg
OS=Windows_NT
PROCESSOR_IDENTIFIER=AMD64 Family 25 Model 80 Stepping 0, AuthenticAMD
TMP=C:\Users\vineg\AppData\Local\Temp
TEMP=C:\Users\vineg\AppData\Local\Temp




Periodic native trim disabled

JNI global refs:
JNI global refs: 31, weak refs: 0

JNI global refs memory usage: 835, weak refs: 201

Process memory usage:
Resident Set Size: 166796K (1% of 16153748K total physical memory with 895404K free physical memory)

OOME stack traces (most recent first):
Classloader memory used:
Loader bootstrap                                                                       : 15993K
Loader org.gradle.internal.classloader.VisitableURLClassLoader                         : 9314K
Loader org.gradle.initialization.MixInLegacyTypesClassLoader                           : 587K
Loader jdk.internal.loader.ClassLoaders$AppClassLoader                                 : 234K
Loader jdk.internal.loader.ClassLoaders$PlatformClassLoader                            : 134K

Classes loaded by more than one classloader:
Class org.gradle.internal.classloader.FilteringClassLoader                            : loaded 2 times (x 101B)
Class org.gradle.internal.classloader.ClassLoaderHierarchy                            : loaded 2 times (x 66B)
Class org.gradle.api.internal.classpath.ManifestUtil                                  : loaded 2 times (x 67B)
Class org.gradle.internal.classloader.DefaultClassLoaderFactory                       : loaded 2 times (x 78B)
Class org.gradle.internal.classloader.ClassLoaderVisitor                              : loaded 2 times (x 72B)
Class org.gradle.api.internal.classpath.EffectiveClassPath                            : loaded 2 times (x 86B)
Class org.gradle.api.internal.DefaultClassPathProvider                                : loaded 2 times (x 72B)
Class [Lorg.gradle.api.internal.ClassPathProvider;                                    : loaded 2 times (x 65B)
Class org.gradle.api.internal.ClassPathProvider                                       : loaded 2 times (x 66B)
Class org.gradle.internal.service.UnknownServiceException                             : loaded 2 times (x 79B)
Class org.gradle.internal.classpath.TransformedClassPath                              : loaded 2 times (x 92B)
Class org.gradle.internal.classloader.InstrumentingClassLoader                        : loaded 2 times (x 66B)
Class org.gradle.internal.service.ServiceLocator                                      : loaded 2 times (x 66B)
Class org.gradle.internal.InternalTransformer                                         : loaded 2 times (x 66B)
Class org.gradle.internal.classloader.ClasspathUtil$1                                 : loaded 2 times (x 72B)
Class org.gradle.api.internal.classpath.DefaultModuleRegistry$DefaultModule           : loaded 2 times (x 82B)
Class org.gradle.api.internal.classpath.Module                                        : loaded 2 times (x 66B)
Class org.gradle.api.internal.classpath.UnknownModuleException                        : loaded 2 times (x 78B)
Class org.gradle.api.internal.DefaultClassPathRegistry                                : loaded 2 times (x 72B)
Class org.gradle.api.internal.ClassPathRegistry                                       : loaded 2 times (x 66B)
Class org.gradle.internal.classpath.DefaultClassPath$ImmutableUniqueList              : loaded 2 times (x 195B)
Class org.gradle.internal.classpath.ClassPath                                         : loaded 2 times (x 66B)
Class org.gradle.api.UncheckedIOException                                             : loaded 2 times (x 78B)
Class org.gradle.internal.installation.GradleInstallation$1                           : loaded 2 times (x 71B)
Class org.gradle.api.internal.classpath.ModuleRegistry                                : loaded 2 times (x 66B)
Class org.gradle.api.internal.classpath.DefaultModuleRegistry                         : loaded 2 times (x 82B)
Class org.gradle.internal.service.ServiceLookupException                              : loaded 2 times (x 78B)
Class org.gradle.internal.classloader.ClassLoaderFactory                              : loaded 2 times (x 66B)
Class org.gradle.internal.service.CachingServiceLocator                               : loaded 2 times (x 78B)
Class org.gradle.internal.classloader.ClasspathUtil                                   : loaded 2 times (x 67B)
Class org.gradle.api.specs.Spec                                                       : loaded 2 times (x 66B)
Class org.gradle.internal.classloader.VisitableURLClassLoader$InstrumentingVisitableURLClassLoader: loaded 2 times (x 119B)
Class org.gradle.internal.classloader.VisitableURLClassLoader$Spec                    : loaded 2 times (x 70B)
Class org.gradle.internal.classpath.DefaultClassPath                                  : loaded 2 times (x 86B)
Class org.gradle.internal.classloader.ClassLoaderSpec                                 : loaded 2 times (x 67B)
Class org.gradle.internal.classloader.VisitableURLClassLoader                         : loaded 2 times (x 113B)
Class org.gradle.internal.Cast                                                        : loaded 2 times (x 67B)
Class org.gradle.api.Action                                                           : loaded 2 times (x 66B)
Class org.gradle.internal.classpath.DefaultClassPath$ImmutableUniqueList$Builder      : loaded 2 times (x 71B)
Class org.gradle.api.GradleException                                                  : loaded 2 times (x 78B)
Class org.gradle.internal.IoActions                                                   : loaded 2 times (x 67B)
Class org.gradle.internal.classloader.SystemClassLoaderSpec                           : loaded 2 times (x 67B)
Class org.gradle.api.internal.classpath.GlobalCacheRootsProvider                      : loaded 2 times (x 66B)
Class org.gradle.internal.installation.CurrentGradleInstallationLocator               : loaded 2 times (x 67B)
Class org.gradle.internal.service.DefaultServiceLocator                               : loaded 2 times (x 79B)
Class org.gradle.internal.installation.CurrentGradleInstallation                      : loaded 2 times (x 69B)
Class org.gradle.util.internal.GUtil                                                  : loaded 2 times (x 67B)
Class org.gradle.internal.installation.GradleInstallation                             : loaded 2 times (x 71B)

---------------  S Y S T E M  ---------------

OS:
 Windows 11 , 64 bit Build 26100 (10.0.26100.2454)
OS uptime: 12 days 20:31 hours
Hyper-V role detected

CPU: total 16 (initial active 16) (16 cores per cpu, 2 threads per core) family 25 model 80 stepping 0 microcode 0xa50000c, cx8, cmov, fxsr, ht, mmx, 3dnowpref, sse, sse2, sse3, ssse3, sse4a, sse4.1, sse4.2, popcnt, lzcnt, tsc, tscinvbit, avx, avx2, aes, erms, clmul, bmi1, bmi2, adx, sha, fma, vzeroupper, clflush, clflushopt, hv, rdtscp, rdpid, fsrm, f16c, cet_ss
Processor Information for all 16 processors :
  Max Mhz: 3301, Current Mhz: 3301, Mhz Limit: 3301

Memory: 4k page, system-wide physical 15775M (874M free)
TotalPageFile size 64927M (AvailPageFile size 8M)
current process WorkingSet (physical memory assigned to process): 162M, peak: 164M
current process commit charge ("private bytes"): 238M, peak: 391M

vm_info: OpenJDK 64-Bit Server VM (21.0.4+-12508038-b607.1) for windows-amd64 JRE (21.0.4+-12508038-b607.1), built on 2024-10-16T17:23:34Z by "builder" with MS VC++ 16.10 / 16.11 (VS2019)

END.
